[INFO] Scanning for projects...
[WARNING] 
[WARNING] Some problems were encountered while building the effective model for com.rupam:saas-platform:jar:0.0.1-SNAPSHOT
[WARNING] 'dependencies.dependency.(groupId:artifactId:type:classifier)' must be unique: org.postgresql:postgresql:jar -> version 42.7.3 vs (?) @ line 106, column 15
[WARNING] 
[WARNING] It is highly recommended to fix these problems because they threaten the stability of your build.
[WARNING] 
[WARNING] For this reason, future Maven versions might no longer support building such malformed projects.
[WARNING] 
[INFO] 
[INFO] ----------------------< com.rupam:saas-platform >-----------------------
[INFO] Building saas-platform 0.0.1-SNAPSHOT
[INFO]   from pom.xml
[INFO] --------------------------------[ jar ]---------------------------------
[INFO] 
[INFO] >>> spring-boot:4.0.2:run (default-cli) > test-compile @ saas-platform >>>
[INFO] 
[INFO] --- resources:3.3.1:resources (default-resources) @ saas-platform ---
[INFO] Copying 1 resource from src/main/resources to target/classes
[INFO] Copying 0 resource from src/main/resources to target/classes
[INFO] 
[INFO] --- compiler:3.14.1:compile (default-compile) @ saas-platform ---
[INFO] Nothing to compile - all classes are up to date.
[INFO] 
[INFO] --- resources:3.3.1:testResources (default-testResources) @ saas-platform ---
[INFO] Copying 1 resource from src/test/resources to target/test-classes
[INFO] 
[INFO] --- compiler:3.14.1:testCompile (default-testCompile) @ saas-platform ---
[INFO] Nothing to compile - all classes are up to date.
[INFO] 
[INFO] <<< spring-boot:4.0.2:run (default-cli) < test-compile @ saas-platform <<<
[INFO] 
[INFO] 
[INFO] --- spring-boot:4.0.2:run (default-cli) @ saas-platform ---
[INFO] Attaching agents: []

  .   ____          _            __ _ _
 /\\ / ___'_ __ _ _(_)_ __  __ _ \ \ \ \
( ( )\___ | '_ | '_| | '_ \/ _` | \ \ \ \
 \\/  ___)| |_)| | | | | || (_| |  ) ) ) )
  '  |____| .__|_| |_|_| |_\__, | / / / /
 =========|_|==============|___/=/_/_/_/

 :: Spring Boot ::                (v4.0.2)

2026-02-06T12:35:41.791+05:30  INFO 87715 --- [saas-platform] [           main] com.rupam.saas.SaasPlatformApplication   : Starting SaasPlatformApplication using Java 24.0.1 with PID 87715 (/Users/rupamkumarsarangi/Desktop/saas-platform/target/classes started by rupamkumarsarangi in /Users/rupamkumarsarangi/Desktop/saas-platform)
2026-02-06T12:35:41.793+05:30  INFO 87715 --- [saas-platform] [           main] com.rupam.saas.SaasPlatformApplication   : No active profile set, falling back to 1 default profile: "default"
2026-02-06T12:35:42.460+05:30  INFO 87715 --- [saas-platform] [           main] .s.d.r.c.RepositoryConfigurationDelegate : Bootstrapping Spring Data JPA repositories in DEFAULT mode.
2026-02-06T12:35:42.519+05:30  INFO 87715 --- [saas-platform] [           main] .s.d.r.c.RepositoryConfigurationDelegate : Finished Spring Data repository scanning in 47 ms. Found 5 JPA repository interfaces.
2026-02-06T12:35:43.294+05:30  INFO 87715 --- [saas-platform] [           main] o.s.boot.tomcat.TomcatWebServer          : Tomcat initialized with port 8080 (http)
2026-02-06T12:35:43.312+05:30  INFO 87715 --- [saas-platform] [           main] o.apache.catalina.core.StandardService   : Starting service [Tomcat]
2026-02-06T12:35:43.312+05:30  INFO 87715 --- [saas-platform] [           main] o.apache.catalina.core.StandardEngine    : Starting Servlet engine: [Apache Tomcat/11.0.15]
2026-02-06T12:35:43.384+05:30  INFO 87715 --- [saas-platform] [           main] b.w.c.s.WebApplicationContextInitializer : Root WebApplicationContext: initialization completed in 1553 ms
2026-02-06T12:35:43.675+05:30  INFO 87715 --- [saas-platform] [           main] org.hibernate.orm.jpa                    : HHH008540: Processing PersistenceUnitInfo [name: default]
2026-02-06T12:35:43.737+05:30  INFO 87715 --- [saas-platform] [           main] org.hibernate.orm.core                   : HHH000001: Hibernate ORM core version 7.2.1.Final
2026-02-06T12:35:44.435+05:30  INFO 87715 --- [saas-platform] [           main] o.s.o.j.p.SpringPersistenceUnitInfo      : No LoadTimeWeaver setup: ignoring JPA class transformer
2026-02-06T12:35:44.532+05:30  INFO 87715 --- [saas-platform] [           main] com.zaxxer.hikari.HikariDataSource       : HikariPool-1 - Starting...
2026-02-06T12:35:45.065+05:30  INFO 87715 --- [saas-platform] [           main] com.zaxxer.hikari.pool.HikariPool        : HikariPool-1 - Added connection conn0: url=jdbc:h2:mem:saas_db user=POSTGRES
2026-02-06T12:35:45.068+05:30  INFO 87715 --- [saas-platform] [           main] com.zaxxer.hikari.HikariDataSource       : HikariPool-1 - Start completed.
2026-02-06T12:35:45.111+05:30  WARN 87715 --- [saas-platform] [           main] org.hibernate.orm.deprecation            : HHH90000025: H2Dialect does not need to be specified explicitly using 'hibernate.dialect' (remove the property setting and it will be selected by default)
2026-02-06T12:35:45.147+05:30  INFO 87715 --- [saas-platform] [           main] org.hibernate.orm.connections.pooling    : HHH10001005: Database info:
	Database JDBC URL [jdbc:h2:mem:saas_db]
	Database driver: H2 JDBC Driver
	Database dialect: H2Dialect
	Database version: 2.4.240
	Default catalog/schema: SAAS_DB/PUBLIC
	Autocommit mode: undefined/unknown
	Isolation level: READ_COMMITTED [default READ_COMMITTED]
	JDBC fetch size: 100
	Pool: DataSourceConnectionProvider
	Minimum pool size: undefined/unknown
	Maximum pool size: undefined/unknown
2026-02-06T12:35:46.276+05:30  INFO 87715 --- [saas-platform] [           main] org.hibernate.orm.core                   : HHH000489: No JTA platform available (set 'hibernate.transaction.jta.platform' to enable JTA platform integration)
Hibernate: create table company (id bigint generated by default as identity, created_at timestamp(6) not null, updated_at timestamp(6), email varchar(255), name varchar(255), primary key (id))
Hibernate: create table invitations (id bigint generated by default as identity, accepted boolean not null, company_id bigint not null, created_at timestamp(6) not null, email varchar(255) not null, role varchar(255) not null, token varchar(255) not null, primary key (id))
Hibernate: create table roles (id bigint generated by default as identity, name varchar(255), primary key (id))
Hibernate: create table tasks (id bigint generated by default as identity, created_at timestamp(6) not null, updated_at timestamp(6), description varchar(255), status varchar(255), title varchar(255), company_id bigint not null, primary key (id))
Hibernate: create table user_roles (user_id bigint not null, role_id bigint not null, primary key (user_id, role_id))
Hibernate: create table users (id bigint generated by default as identity, created_at timestamp(6) not null, updated_at timestamp(6), email varchar(255), password varchar(255), company_id bigint, primary key (id))
Hibernate: alter table if exists invitations drop constraint if exists UKt4i6esv44p6yi7cxq277vlo3i
Hibernate: alter table if exists invitations add constraint UKt4i6esv44p6yi7cxq277vlo3i unique (token)
Hibernate: alter table if exists tasks add constraint FKp4nsi1c955qpyqptfbfemdue0 foreign key (company_id) references company
Hibernate: alter table if exists user_roles add constraint FKh8ciramu9cc9q3qcqiv4ue8a6 foreign key (role_id) references roles
Hibernate: alter table if exists user_roles add constraint FKhfh9dx7w3ubf1co1vdev94g3f foreign key (user_id) references users
Hibernate: alter table if exists users add constraint FKbwv4uspmyi7xqjwcrgxow361t foreign key (company_id) references company
2026-02-06T12:35:46.338+05:30  INFO 87715 --- [saas-platform] [           main] j.LocalContainerEntityManagerFactoryBean : Initialized JPA EntityManagerFactory for persistence unit 'default'
2026-02-06T12:35:46.444+05:30  INFO 87715 --- [saas-platform] [           main] o.s.d.j.r.query.QueryEnhancerFactories   : Hibernate is in classpath; If applicable, HQL parser will be used.
2026-02-06T12:35:47.869+05:30  WARN 87715 --- [saas-platform] [           main] JpaBaseConfiguration$JpaWebConfiguration : spring.jpa.open-in-view is enabled by default. Therefore, database queries may be performed during view rendering. Explicitly configure spring.jpa.open-in-view to disable this warning
2026-02-06T12:35:48.634+05:30  INFO 87715 --- [saas-platform] [           main] o.s.boot.tomcat.TomcatWebServer          : Tomcat started on port 8080 (http) with context path '/'
2026-02-06T12:35:48.644+05:30  INFO 87715 --- [saas-platform] [           main] com.rupam.saas.SaasPlatformApplication   : Started SaasPlatformApplication in 7.117 seconds (process running for 7.394)
[INFO] ------------------------------------------------------------------------
[INFO] BUILD FAILURE
[INFO] ------------------------------------------------------------------------
[INFO] Total time:  03:11 min
[INFO] Finished at: 2026-02-06T12:38:52+05:30
[INFO] ------------------------------------------------------------------------
[ERROR] Failed to execute goal org.springframework.boot:spring-boot-maven-plugin:4.0.2:run (default-cli) on project saas-platform: Process terminated with exit code: 137 -> [Help 1]
[ERROR] 
[ERROR] To see the full stack trace of the errors, re-run Maven with the -e switch.
[ERROR] Re-run Maven using the -X switch to enable full debug logging.
[ERROR] 
[ERROR] For more information about the errors and possible solutions, please read the following articles:
[ERROR] [Help 1] http://cwiki.apache.org/confluence/display/MAVEN/MojoExecutionException
